libgtk-3-dev - development files for the GTK+ library
libgtk-vnc-1.0-dev - VNC viewer widget for GTK+2 (development files)
libgtk-vnc-2.0-dev - VNC viewer widget for GTK+3 (development files)
libgtk2.0-cil-dev - CLI binding for the GTK+ toolkit 2.12
libgtk2.0-dev - development files for the GTK+ library
libgtkhtml-4.0-dev - HTML rendering/editing library - development files
libgtkhtml-editor-4.0-dev - HTML rendering/editing library - editor widget development files
libgtkmm-2.4-dev - C++ wrappers for GTK+ (development files)
libgtkmm-3.0-dev - C++ wrappers for GTK+ (development files)
libgtksourceview-3.0-dev - development files for the GTK+ syntax highlighting widget
libgtkspell-3-dev - Development files for GtkSpell
libgtkspell-dev - Development files for GtkSpell
libgtk-sharp-beans2.0-cil-dev - Supplementary CLI bindings for GTK 2.14+ - development package
libgtkada-bin - Ada binding for the GTK+ GUI (development utilities)
libgtkada2.24.1-dev - Ada binding for the GTK+ GUI (development files)
libgtkdatabox-0.9.1-1-dev - Gtk+ library to display large amounts of numerical data
libgtkgl2.0-dev - OpenGL context support for GTK+ (development files)
libgtkglada2.24.1-dev - Ada binding for GTK+ OpenGL extensions (development files)
libgtkglarea-cil-dev - CLI bindings for the GTK OpenGL area widget
libgtkglext1-dev - OpenGL Extension to GTK+ (development files)
libgtkglextmm-x11-1.2-dev - C++ bindings for GtkGLExt (Development files)
libgtkhex-3-dev - GNOME Hex editor for files (development headers)
libgtkhotkey-dev - Gtk hotkey static libraries and headers
libgtkhtml-editor-dev - HTML rendering/editing library - editor widget development files
libgtkhtml3.14-cil-dev - CLI binding for GtkHTML 3.24
libgtkhtml3.14-dev - HTML rendering/editing library - development files
libgtkimageview-dev - image viewer widget for GTK+ (development files)
libgtkmathview-dev - rendering engine for MathML documents
libgtkmm-utils-dev - utility library written on top of gtkmm - development files
libgtkpod-dev - main library for the gtkpod package, development kit
libgtksourceview2-cil-dev - CLI binding for GtkSourceView 2.2
libgtksourceview2.0-dev - development files for the GTK+ syntax highlighting widget
libgtksourceviewmm-3.0-dev - C++ binding of GtkSourceView - development files
liblablgtkmathview-ocaml-dev - OCaml bindings for libgtkmathview, a GTK widget to render MathML
liblablgtksourceview2-ocaml-dev - OCaml bindings for libgtksourceview2, a source editor GTK+ widget
